<?xml version="1.0" encoding="UTF-8"?>
<!-- Generated by org.testng.reporters.JUnitReportReporter -->
<testsuite hostname="LAPTOP-7LMOGP27" failures="0" tests="3" name="com.crm.qa.testcases.LoginPageTest" time="15.534" errors="0" timestamp="2024-08-20T20:37:25 EDT" skipped="0">
  <testcase classname="com.crm.qa.testcases.LoginPageTest" name="crmLogoImageTest" time="3.659"/>
  <testcase classname="com.crm.qa.testcases.LoginPageTest" name="loginPagetitleTest" time="3.380"/>
  <testcase classname="com.crm.qa.testcases.LoginPageTest" name="loginTest" time="8.495"/>
</testsuite> <!-- com.crm.qa.testcases.LoginPageTest -->
