<?xml version="1.0" encoding="UTF-8"?>
<!-- Generated by org.testng.reporters.JUnitReportReporter -->
<testsuite hostname="LAPTOP-7LMOGP27" failures="0" tests="4" name="com.crm.qa.testcases.ContactsPageTest" time="32.257" errors="0" timestamp="2024-10-29T10:26:35 EDT" skipped="1">
  <testcase classname="com.crm.qa.testcases.ContactsPageTest" name="verifyCreateNewContactsTestUsingDDT" time="10.643"/>
  <testcase classname="com.crm.qa.testcases.ContactsPageTest" name="verifyCreateNewContactsTestUsingDDT" time="10.689"/>
  <testcase classname="com.crm.qa.testcases.ContactsPageTest" name="verifyCreateNewContactsTestUsingDDT" time="10.925"/>
  <testcase classname="com.crm.qa.testcases.ContactsPageTest" name="verifyContactsPageLabelTest">
    <skipped/>
  </testcase> <!-- verifyContactsPageLabelTest -->
</testsuite> <!-- com.crm.qa.testcases.ContactsPageTest -->
