<?xml version="1.0" encoding="UTF-8"?>
<!-- Generated by org.testng.reporters.JUnitReportReporter -->
<testsuite hostname="LAPTOP-7LMOGP27" failures="0" tests="2" name="com.crm.qa.testcases.LoginPageTest" time="9.965" errors="0" timestamp="2024-10-29T14:48:44 EDT" skipped="0">
  <testcase classname="com.crm.qa.testcases.LoginPageTest" name="loginPagetitleTest" time="3.646"/>
  <testcase classname="com.crm.qa.testcases.LoginPageTest" name="loginTest" time="6.319"/>
</testsuite> <!-- com.crm.qa.testcases.LoginPageTest -->
