<?xml version="1.0" encoding="UTF-8"?>
<!-- Generated by org.testng.reporters.JUnitReportReporter -->
<testsuite hostname="LAPTOP-7LMOGP27" failures="0" tests="3" name="com.crm.qa.testcases.HomePageTest" time="25.263" errors="0" timestamp="06 Jun 2024 21:50:32 GMT" skipped="0">
  <testcase classname="com.crm.qa.testcases.HomePageTest" name="userNameLabelTest" time="8.204"/>
  <testcase classname="com.crm.qa.testcases.HomePageTest" name="homePageTitleTest" time="8.153"/>
  <testcase classname="com.crm.qa.testcases.HomePageTest" name="contactsPageLink" time="8.906"/>
</testsuite> <!-- com.crm.qa.testcases.HomePageTest -->
