<?xml version="1.0" encoding="UTF-8"?>
<!-- Generated by org.testng.reporters.JUnitReportReporter -->
<testsuite hostname="LAPTOP-7LMOGP27" failures="0" tests="2" name="com.crm.qa.testcases.LoginPageTest" time="12.173" errors="0" timestamp="2024-10-29T14:55:01 EDT" skipped="0">
  <testcase classname="com.crm.qa.testcases.LoginPageTest" name="loginPagetitleTest" time="4.468"/>
  <testcase classname="com.crm.qa.testcases.LoginPageTest" name="loginTest" time="7.705"/>
</testsuite> <!-- com.crm.qa.testcases.LoginPageTest -->
