<?xml version="1.0" encoding="UTF-8"?>
<!-- Generated by org.testng.reporters.JUnitReportReporter -->
<testsuite hostname="LAPTOP-7LMOGP27" failures="0" tests="1" name="com.crm.qa.testcases.HomePageTest" time="9.342" errors="0" timestamp="2024-10-01T15:24:42 EDT" skipped="0">
  <testcase classname="com.crm.qa.testcases.HomePageTest" name="homePageTitleTest" time="9.342"/>
</testsuite> <!-- com.crm.qa.testcases.HomePageTest -->
