<?xml version="1.0" encoding="UTF-8"?>
<!-- Generated by org.testng.reporters.JUnitReportReporter -->
<testsuite hostname="LAPTOP-7LMOGP27" failures="0" tests="4" name="com.crm.qa.testcases.HomePageTest" time="8.830" errors="0" timestamp="2024-11-05T09:40:46 EST" skipped="3">
  <testcase classname="com.crm.qa.testcases.HomePageTest" name="homePageTitleTest" time="8.830"/>
  <testcase classname="com.crm.qa.testcases.HomePageTest" name="verifyNewDealslink">
    <skipped/>
  </testcase> <!-- verifyNewDealslink -->
  <testcase classname="com.crm.qa.testcases.HomePageTest" name="userNameLabelTest">
    <skipped/>
  </testcase> <!-- userNameLabelTest -->
  <testcase classname="com.crm.qa.testcases.HomePageTest" name="contactsPageLink">
    <skipped/>
  </testcase> <!-- contactsPageLink -->
</testsuite> <!-- com.crm.qa.testcases.HomePageTest -->
