<?xml version="1.0" encoding="UTF-8"?>
<!-- Generated by org.testng.reporters.JUnitReportReporter -->
<testsuite hostname="LAPTOP-7LMOGP27" failures="0" tests="3" name="com.crm.qa.testcases.ContactsPageTest" time="34.153" errors="0" timestamp="2024-10-01T15:24:42 EDT" skipped="0">
  <testcase classname="com.crm.qa.testcases.ContactsPageTest" name="verifyCreateNewContactsTestUsingDDT" time="11.057"/>
  <testcase classname="com.crm.qa.testcases.ContactsPageTest" name="verifyCreateNewContactsTestUsingDDT" time="11.573"/>
  <testcase classname="com.crm.qa.testcases.ContactsPageTest" name="verifyCreateNewContactsTestUsingDDT" time="11.523"/>
</testsuite> <!-- com.crm.qa.testcases.ContactsPageTest -->
