<?xml version="1.0" encoding="UTF-8"?>
<!-- Generated by org.testng.reporters.JUnitReportReporter -->
<testsuite hostname="LAPTOP-7LMOGP27" failures="0" tests="3" name="com.crm.qa.testcases.HomePageTest" time="7.755" errors="0" timestamp="2024-11-02T22:13:25 EDT" skipped="2">
  <testcase classname="com.crm.qa.testcases.HomePageTest" name="homePageTitleTest" time="7.755"/>
  <testcase classname="com.crm.qa.testcases.HomePageTest" name="contactsPageLink">
    <skipped/>
  </testcase> <!-- contactsPageLink -->
  <testcase classname="com.crm.qa.testcases.HomePageTest" name="userNameLabelTest">
    <skipped/>
  </testcase> <!-- userNameLabelTest -->
</testsuite> <!-- com.crm.qa.testcases.HomePageTest -->
