<?xml version="1.0" encoding="UTF-8"?>
<!-- Generated by org.testng.reporters.JUnitReportReporter -->
<testsuite hostname="LAPTOP-7LMOGP27" failures="0" tests="3" name="com.crm.qa.testcases.LoginPageTest" time="16.599" errors="0" timestamp="06 Jun 2024 21:50:32 GMT" skipped="0">
  <testcase classname="com.crm.qa.testcases.LoginPageTest" name="crmLogoImageTest" time="3.764"/>
  <testcase classname="com.crm.qa.testcases.LoginPageTest" name="loginPagetitleTest" time="4.814"/>
  <testcase classname="com.crm.qa.testcases.LoginPageTest" name="loginTest" time="8.021"/>
</testsuite> <!-- com.crm.qa.testcases.LoginPageTest -->
