<?xml version="1.0" encoding="UTF-8"?>
<!-- Generated by org.testng.reporters.JUnitReportReporter -->
<testsuite hostname="LAPTOP-7LMOGP27" failures="0" tests="3" name="com.crm.qa.testcases.HomePageTest" time="23.609" errors="0" timestamp="2024-08-20T20:37:25 EDT" skipped="0">
  <testcase classname="com.crm.qa.testcases.HomePageTest" name="homePageTitleTest" time="7.771"/>
  <testcase classname="com.crm.qa.testcases.HomePageTest" name="userNameLabelTest" time="7.628"/>
  <testcase classname="com.crm.qa.testcases.HomePageTest" name="contactsPageLink" time="8.210"/>
</testsuite> <!-- com.crm.qa.testcases.HomePageTest -->
