<?xml version="1.0" encoding="UTF-8"?>
<!-- Generated by org.testng.reporters.JUnitReportReporter -->
<testsuite hostname="LAPTOP-7LMOGP27" failures="0" tests="2" name="com.crm.qa.testcases.DealsPageTest" time="30.310" errors="0" timestamp="2024-11-05T15:57:49 EST" skipped="0">
  <testcase classname="com.crm.qa.testcases.DealsPageTest" name="verifyNewDealsFormUsingExcel" time="11.918"/>
  <testcase classname="com.crm.qa.testcases.DealsPageTest" name="verifyNewDealsFormUsingExcel" time="18.392"/>
</testsuite> <!-- com.crm.qa.testcases.DealsPageTest -->
