<?xml version="1.0" encoding="UTF-8"?>
<!-- Generated by org.testng.reporters.JUnitReportReporter -->
<testsuite hostname="LAPTOP-7LMOGP27" failures="0" tests="3" name="com.crm.qa.testcases.ContactsPageTest" time="31.431" errors="0" timestamp="2024-08-20T20:37:25 EDT" skipped="0">
  <testcase classname="com.crm.qa.testcases.ContactsPageTest" name="verifyCreateNewContactsTestUsingDDT" time="10.550"/>
  <testcase classname="com.crm.qa.testcases.ContactsPageTest" name="verifyCreateNewContactsTestUsingDDT" time="10.360"/>
  <testcase classname="com.crm.qa.testcases.ContactsPageTest" name="verifyCreateNewContactsTestUsingDDT" time="10.521"/>
</testsuite> <!-- com.crm.qa.testcases.ContactsPageTest -->
