<?xml version="1.0" encoding="UTF-8"?>
<!-- Generated by org.testng.reporters.JUnitReportReporter -->
<testsuite hostname="LAPTOP-7LMOGP27" failures="0" tests="4" name="com.crm.qa.testcases.ContactsPageTest" time="32.571" errors="0" timestamp="2024-11-02T22:13:25 EDT" skipped="1">
  <testcase classname="com.crm.qa.testcases.ContactsPageTest" name="verifyCreateNewContactsTestUsingDDT" time="13.584"/>
  <testcase classname="com.crm.qa.testcases.ContactsPageTest" name="verifyCreateNewContactsTestUsingDDT" time="10.790"/>
  <testcase classname="com.crm.qa.testcases.ContactsPageTest" name="verifyCreateNewContactsTestUsingDDT" time="8.197"/>
  <testcase classname="com.crm.qa.testcases.ContactsPageTest" name="verifyContactsPageLabelTest">
    <skipped/>
  </testcase> <!-- verifyContactsPageLabelTest -->
</testsuite> <!-- com.crm.qa.testcases.ContactsPageTest -->
