<?xml version="1.0" encoding="UTF-8"?>
<!-- Generated by org.testng.reporters.JUnitReportReporter -->
<testsuite hostname="LAPTOP-7LMOGP27" failures="0" tests="4" name="com.crm.qa.testcases.ContactsPageTest" time="34.121" errors="0" timestamp="2024-11-05T11:58:58 EST" skipped="1">
  <testcase classname="com.crm.qa.testcases.ContactsPageTest" name="verifyCreateNewContactsTestUsingDDT" time="14.202"/>
  <testcase classname="com.crm.qa.testcases.ContactsPageTest" name="verifyCreateNewContactsTestUsingDDT" time="10.838"/>
  <testcase classname="com.crm.qa.testcases.ContactsPageTest" name="verifyCreateNewContactsTestUsingDDT" time="9.081"/>
  <testcase classname="com.crm.qa.testcases.ContactsPageTest" name="verifyContactsPageLabelTest">
    <skipped/>
  </testcase> <!-- verifyContactsPageLabelTest -->
</testsuite> <!-- com.crm.qa.testcases.ContactsPageTest -->
