<?xml version="1.0" encoding="UTF-8"?>
<!-- Generated by org.testng.reporters.JUnitReportReporter -->
<testsuite hostname="LAPTOP-7LMOGP27" failures="0" tests="2" name="com.crm.qa.testcases.LoginPageTest" time="12.209" errors="0" timestamp="2024-11-02T22:13:25 EDT" skipped="0">
  <testcase classname="com.crm.qa.testcases.LoginPageTest" name="loginPagetitleTest" time="4.408"/>
  <testcase classname="com.crm.qa.testcases.LoginPageTest" name="loginTest" time="7.801"/>
</testsuite> <!-- com.crm.qa.testcases.LoginPageTest -->
